<?xml version="1.0" encoding="UTF-8"?>
<!-- Generated by org.testng.reporters.JUnitReportReporter -->
<testsuite hostname="Saurav-PC" name="AppiumSample.calculatorAppTest.CalculatorAppTest" tests="1" failures="0" timestamp="11 Feb 2018 09:01:16 GMT" time="7.161" errors="0">
  <testcase name="calculatorTest" time="7.161" classname="AppiumSample.calculatorAppTest.CalculatorAppTest"/>
</testsuite> <!-- AppiumSample.calculatorAppTest.CalculatorAppTest -->
